Started GET "/" for 127.0.0.1 at 2017-07-19 12:08:54 +0300
Processing by Rails::WelcomeController#index as HTML
  Rendering /Users/dunice/.rvm/gems/ruby-2.3.1/gems/railties-5.1.2/lib/rails/templates/rails/welcome/index.html.erb
  Rendered /Users/dunice/.rvm/gems/ruby-2.3.1/gems/railties-5.1.2/lib/rails/templates/rails/welcome/index.html.erb (5.2ms)
Completed 200 OK in 286ms (Views: 19.5ms)


  [1m[35m (66.6ms)[0m  [1m[35mCREATE TABLE "schema_migrations" ("version" character varying NOT NULL PRIMARY KEY)[0m
  [1m[35m (24.3ms)[0m  [1m[35mCREATE TABLE "ar_internal_metadata" ("key" character varying NOT NULL PRIMARY KEY, "value" character varying, "created_at" timestamp NOT NULL, "updated_at" timestamp NOT NULL)[0m
  [1m[35m (0.2ms)[0m  [1m[34mSELECT pg_try_advisory_lock(8673446560882135725);[0m
  [1m[35m (1.1ms)[0m  [1m[34mSELECT "schema_migrations"."version" FROM "schema_migrations" ORDER BY "schema_migrations"."version" ASC[0m
  [1m[36mActiveRecord::InternalMetadata Load (0.3ms)[0m  [1m[34mSELECT  "ar_internal_metadata".* FROM "ar_internal_metadata" WHERE "ar_internal_metadata"."key" = $1 LIMIT $2[0m  [["key", "environment"], ["LIMIT", 1]]
  [1m[35m (0.5ms)[0m  [1m[35mBEGIN[0m
  [1m[35mSQL (6.7ms)[0m  [1m[32mINSERT INTO "ar_internal_metadata" ("key", "value", "created_at", "updated_at") VALUES ($1, $2, $3, $4) RETURNING "key"[0m  [["key", "environment"], ["value", "development"], ["created_at", "2017-07-19 09:11:24.621219"], ["updated_at", "2017-07-19 09:11:24.621219"]]
  [1m[35m (5.9ms)[0m  [1m[35mCOMMIT[0m
  [1m[35m (0.4ms)[0m  [1m[34mSELECT pg_advisory_unlock(8673446560882135725)[0m
  [1m[35m (0.2ms)[0m  [1m[34mSELECT "schema_migrations"."version" FROM "schema_migrations" ORDER BY "schema_migrations"."version" ASC[0m
  [1m[35m (0.2ms)[0m  [1m[34mSELECT pg_try_advisory_lock(8673446560882135725);[0m
  [1m[35m (0.9ms)[0m  [1m[34mSELECT "schema_migrations"."version" FROM "schema_migrations" ORDER BY "schema_migrations"."version" ASC[0m
Migrating to CreateTodos (20170719091201)
  [1m[35m (0.2ms)[0m  [1m[35mBEGIN[0m
  [1m[35m (27.3ms)[0m  [1m[35mCREATE TABLE "todos" ("id" bigserial primary key, "todo" character varying, "created_at" timestamp NOT NULL, "updated_at" timestamp NOT NULL)[0m
  [1m[35mSQL (0.9ms)[0m  [1m[32mINSERT INTO "schema_migrations" ("version") VALUES ($1) RETURNING "version"[0m  [["version", "20170719091201"]]
  [1m[35m (0.4ms)[0m  [1m[35mCOMMIT[0m
  [1m[36mActiveRecord::InternalMetadata Load (1.2ms)[0m  [1m[34mSELECT  "ar_internal_metadata".* FROM "ar_internal_metadata" WHERE "ar_internal_metadata"."key" = $1 LIMIT $2[0m  [["key", "environment"], ["LIMIT", 1]]
  [1m[35m (0.2ms)[0m  [1m[35mBEGIN[0m
  [1m[35m (0.2ms)[0m  [1m[35mCOMMIT[0m
  [1m[35m (0.3ms)[0m  [1m[34mSELECT pg_advisory_unlock(8673446560882135725)[0m
  [1m[35m (0.4ms)[0m  [1m[34mSELECT "schema_migrations"."version" FROM "schema_migrations" ORDER BY "schema_migrations"."version" ASC[0m
Started GET "/todo" for 127.0.0.1 at 2017-07-19 12:13:27 +0300
  
PG::ConnectionBad (fe_sendauth: no password supplied
):
  
pg (0.21.0) lib/pg.rb:56:in `initialize'
pg (0.21.0) lib/pg.rb:56:in `new'
pg (0.21.0) lib/pg.rb:56:in `connect'
activerecord (5.1.2) lib/active_record/connection_adapters/postgresql_adapter.rb:701:in `connect'
activerecord (5.1.2) lib/active_record/connection_adapters/postgresql_adapter.rb:220:in `initialize'
activerecord (5.1.2) lib/active_record/connection_adapters/postgresql_adapter.rb:38:in `new'
activerecord (5.1.2) lib/active_record/connection_adapters/postgresql_adapter.rb:38:in `postgresql_connection'
activerecord (5.1.2) lib/active_record/connection_adapters/abstract/connection_pool.rb:759:in `new_connection'
activerecord (5.1.2) lib/active_record/connection_adapters/abstract/connection_pool.rb:803:in `checkout_new_connection'
activerecord (5.1.2) lib/active_record/connection_adapters/abstract/connection_pool.rb:782:in `try_to_checkout_new_connection'
activerecord (5.1.2) lib/active_record/connection_adapters/abstract/connection_pool.rb:743:in `acquire_connection'
activerecord (5.1.2) lib/active_record/connection_adapters/abstract/connection_pool.rb:500:in `checkout'
activerecord (5.1.2) lib/active_record/connection_adapters/abstract/connection_pool.rb:374:in `connection'
activerecord (5.1.2) lib/active_record/connection_adapters/abstract/connection_pool.rb:931:in `retrieve_connection'
activerecord (5.1.2) lib/active_record/connection_handling.rb:116:in `retrieve_connection'
activerecord (5.1.2) lib/active_record/connection_handling.rb:88:in `connection'
activerecord (5.1.2) lib/active_record/migration.rb:562:in `connection'
activerecord (5.1.2) lib/active_record/migration.rb:553:in `call'
actionpack (5.1.2) lib/action_dispatch/middleware/callbacks.rb:26:in `block in call'
activesupport (5.1.2) lib/active_support/callbacks.rb:97:in `run_callbacks'
actionpack (5.1.2) lib/action_dispatch/middleware/callbacks.rb:24:in `call'
actionpack (5.1.2) lib/action_dispatch/middleware/executor.rb:12:in `call'
actionpack (5.1.2) lib/action_dispatch/middleware/debug_exceptions.rb:59:in `call'
web-console (3.5.1) lib/web_console/middleware.rb:135:in `call_app'
web-console (3.5.1) lib/web_console/middleware.rb:28:in `block in call'
web-console (3.5.1) lib/web_console/middleware.rb:18:in `catch'
web-console (3.5.1) lib/web_console/middleware.rb:18:in `call'
actionpack (5.1.2) lib/action_dispatch/middleware/show_exceptions.rb:31:in `call'
railties (5.1.2) lib/rails/rack/logger.rb:36:in `call_app'
railties (5.1.2) lib/rails/rack/logger.rb:24:in `block in call'
activesupport (5.1.2) lib/active_support/tagged_logging.rb:69:in `block in tagged'
activesupport (5.1.2) lib/active_support/tagged_logging.rb:26:in `tagged'
activesupport (5.1.2) lib/active_support/tagged_logging.rb:69:in `tagged'
railties (5.1.2) lib/rails/rack/logger.rb:24:in `call'
sprockets-rails (3.2.0) lib/sprockets/rails/quiet_assets.rb:13:in `call'
actionpack (5.1.2) lib/action_dispatch/middleware/remote_ip.rb:79:in `call'
actionpack (5.1.2) lib/action_dispatch/middleware/request_id.rb:25:in `call'
rack (2.0.3) lib/rack/method_override.rb:22:in `call'
rack (2.0.3) lib/rack/runtime.rb:22:in `call'
activesupport (5.1.2) lib/active_support/cache/strategy/local_cache_middleware.rb:27:in `call'
actionpack (5.1.2) lib/action_dispatch/middleware/executor.rb:12:in `call'
actionpack (5.1.2) lib/action_dispatch/middleware/static.rb:125:in `call'
rack (2.0.3) lib/rack/sendfile.rb:111:in `call'
railties (5.1.2) lib/rails/engine.rb:522:in `call'
puma (3.9.1) lib/puma/configuration.rb:224:in `call'
puma (3.9.1) lib/puma/server.rb:602:in `handle_request'
puma (3.9.1) lib/puma/server.rb:435:in `process_client'
puma (3.9.1) lib/puma/server.rb:299:in `block in run'
puma (3.9.1) lib/puma/thread_pool.rb:120:in `block in spawn_thread'
Started GET "/todo" for 127.0.0.1 at 2017-07-19 12:15:13 +0300
  
PG::ConnectionBad (fe_sendauth: no password supplied
):
  
pg (0.21.0) lib/pg.rb:56:in `initialize'
pg (0.21.0) lib/pg.rb:56:in `new'
pg (0.21.0) lib/pg.rb:56:in `connect'
activerecord (5.1.2) lib/active_record/connection_adapters/postgresql_adapter.rb:701:in `connect'
activerecord (5.1.2) lib/active_record/connection_adapters/postgresql_adapter.rb:220:in `initialize'
activerecord (5.1.2) lib/active_record/connection_adapters/postgresql_adapter.rb:38:in `new'
activerecord (5.1.2) lib/active_record/connection_adapters/postgresql_adapter.rb:38:in `postgresql_connection'
activerecord (5.1.2) lib/active_record/connection_adapters/abstract/connection_pool.rb:759:in `new_connection'
activerecord (5.1.2) lib/active_record/connection_adapters/abstract/connection_pool.rb:803:in `checkout_new_connection'
activerecord (5.1.2) lib/active_record/connection_adapters/abstract/connection_pool.rb:782:in `try_to_checkout_new_connection'
activerecord (5.1.2) lib/active_record/connection_adapters/abstract/connection_pool.rb:743:in `acquire_connection'
activerecord (5.1.2) lib/active_record/connection_adapters/abstract/connection_pool.rb:500:in `checkout'
activerecord (5.1.2) lib/active_record/connection_adapters/abstract/connection_pool.rb:374:in `connection'
activerecord (5.1.2) lib/active_record/connection_adapters/abstract/connection_pool.rb:931:in `retrieve_connection'
activerecord (5.1.2) lib/active_record/connection_handling.rb:116:in `retrieve_connection'
activerecord (5.1.2) lib/active_record/connection_handling.rb:88:in `connection'
activerecord (5.1.2) lib/active_record/migration.rb:562:in `connection'
activerecord (5.1.2) lib/active_record/migration.rb:553:in `call'
actionpack (5.1.2) lib/action_dispatch/middleware/callbacks.rb:26:in `block in call'
activesupport (5.1.2) lib/active_support/callbacks.rb:97:in `run_callbacks'
actionpack (5.1.2) lib/action_dispatch/middleware/callbacks.rb:24:in `call'
actionpack (5.1.2) lib/action_dispatch/middleware/executor.rb:12:in `call'
actionpack (5.1.2) lib/action_dispatch/middleware/debug_exceptions.rb:59:in `call'
web-console (3.5.1) lib/web_console/middleware.rb:135:in `call_app'
web-console (3.5.1) lib/web_console/middleware.rb:28:in `block in call'
web-console (3.5.1) lib/web_console/middleware.rb:18:in `catch'
web-console (3.5.1) lib/web_console/middleware.rb:18:in `call'
actionpack (5.1.2) lib/action_dispatch/middleware/show_exceptions.rb:31:in `call'
railties (5.1.2) lib/rails/rack/logger.rb:36:in `call_app'
railties (5.1.2) lib/rails/rack/logger.rb:24:in `block in call'
activesupport (5.1.2) lib/active_support/tagged_logging.rb:69:in `block in tagged'
activesupport (5.1.2) lib/active_support/tagged_logging.rb:26:in `tagged'
activesupport (5.1.2) lib/active_support/tagged_logging.rb:69:in `tagged'
railties (5.1.2) lib/rails/rack/logger.rb:24:in `call'
sprockets-rails (3.2.0) lib/sprockets/rails/quiet_assets.rb:13:in `call'
actionpack (5.1.2) lib/action_dispatch/middleware/remote_ip.rb:79:in `call'
actionpack (5.1.2) lib/action_dispatch/middleware/request_id.rb:25:in `call'
rack (2.0.3) lib/rack/method_override.rb:22:in `call'
rack (2.0.3) lib/rack/runtime.rb:22:in `call'
activesupport (5.1.2) lib/active_support/cache/strategy/local_cache_middleware.rb:27:in `call'
actionpack (5.1.2) lib/action_dispatch/middleware/executor.rb:12:in `call'
actionpack (5.1.2) lib/action_dispatch/middleware/static.rb:125:in `call'
rack (2.0.3) lib/rack/sendfile.rb:111:in `call'
railties (5.1.2) lib/rails/engine.rb:522:in `call'
puma (3.9.1) lib/puma/configuration.rb:224:in `call'
puma (3.9.1) lib/puma/server.rb:602:in `handle_request'
puma (3.9.1) lib/puma/server.rb:435:in `process_client'
puma (3.9.1) lib/puma/server.rb:299:in `block in run'
puma (3.9.1) lib/puma/thread_pool.rb:120:in `block in spawn_thread'
Started GET "/todo" for 127.0.0.1 at 2017-07-19 12:15:14 +0300
  
PG::ConnectionBad (fe_sendauth: no password supplied
):
  
pg (0.21.0) lib/pg.rb:56:in `initialize'
pg (0.21.0) lib/pg.rb:56:in `new'
pg (0.21.0) lib/pg.rb:56:in `connect'
activerecord (5.1.2) lib/active_record/connection_adapters/postgresql_adapter.rb:701:in `connect'
activerecord (5.1.2) lib/active_record/connection_adapters/postgresql_adapter.rb:220:in `initialize'
activerecord (5.1.2) lib/active_record/connection_adapters/postgresql_adapter.rb:38:in `new'
activerecord (5.1.2) lib/active_record/connection_adapters/postgresql_adapter.rb:38:in `postgresql_connection'
activerecord (5.1.2) lib/active_record/connection_adapters/abstract/connection_pool.rb:759:in `new_connection'
activerecord (5.1.2) lib/active_record/connection_adapters/abstract/connection_pool.rb:803:in `checkout_new_connection'
activerecord (5.1.2) lib/active_record/connection_adapters/abstract/connection_pool.rb:782:in `try_to_checkout_new_connection'
activerecord (5.1.2) lib/active_record/connection_adapters/abstract/connection_pool.rb:743:in `acquire_connection'
activerecord (5.1.2) lib/active_record/connection_adapters/abstract/connection_pool.rb:500:in `checkout'
activerecord (5.1.2) lib/active_record/connection_adapters/abstract/connection_pool.rb:374:in `connection'
activerecord (5.1.2) lib/active_record/connection_adapters/abstract/connection_pool.rb:931:in `retrieve_connection'
activerecord (5.1.2) lib/active_record/connection_handling.rb:116:in `retrieve_connection'
activerecord (5.1.2) lib/active_record/connection_handling.rb:88:in `connection'
activerecord (5.1.2) lib/active_record/migration.rb:562:in `connection'
activerecord (5.1.2) lib/active_record/migration.rb:553:in `call'
actionpack (5.1.2) lib/action_dispatch/middleware/callbacks.rb:26:in `block in call'
activesupport (5.1.2) lib/active_support/callbacks.rb:97:in `run_callbacks'
actionpack (5.1.2) lib/action_dispatch/middleware/callbacks.rb:24:in `call'
actionpack (5.1.2) lib/action_dispatch/middleware/executor.rb:12:in `call'
actionpack (5.1.2) lib/action_dispatch/middleware/debug_exceptions.rb:59:in `call'
web-console (3.5.1) lib/web_console/middleware.rb:135:in `call_app'
web-console (3.5.1) lib/web_console/middleware.rb:28:in `block in call'
web-console (3.5.1) lib/web_console/middleware.rb:18:in `catch'
web-console (3.5.1) lib/web_console/middleware.rb:18:in `call'
actionpack (5.1.2) lib/action_dispatch/middleware/show_exceptions.rb:31:in `call'
railties (5.1.2) lib/rails/rack/logger.rb:36:in `call_app'
railties (5.1.2) lib/rails/rack/logger.rb:24:in `block in call'
activesupport (5.1.2) lib/active_support/tagged_logging.rb:69:in `block in tagged'
activesupport (5.1.2) lib/active_support/tagged_logging.rb:26:in `tagged'
activesupport (5.1.2) lib/active_support/tagged_logging.rb:69:in `tagged'
railties (5.1.2) lib/rails/rack/logger.rb:24:in `call'
sprockets-rails (3.2.0) lib/sprockets/rails/quiet_assets.rb:13:in `call'
actionpack (5.1.2) lib/action_dispatch/middleware/remote_ip.rb:79:in `call'
actionpack (5.1.2) lib/action_dispatch/middleware/request_id.rb:25:in `call'
rack (2.0.3) lib/rack/method_override.rb:22:in `call'
rack (2.0.3) lib/rack/runtime.rb:22:in `call'
activesupport (5.1.2) lib/active_support/cache/strategy/local_cache_middleware.rb:27:in `call'
actionpack (5.1.2) lib/action_dispatch/middleware/executor.rb:12:in `call'
actionpack (5.1.2) lib/action_dispatch/middleware/static.rb:125:in `call'
rack (2.0.3) lib/rack/sendfile.rb:111:in `call'
railties (5.1.2) lib/rails/engine.rb:522:in `call'
puma (3.9.1) lib/puma/configuration.rb:224:in `call'
puma (3.9.1) lib/puma/server.rb:602:in `handle_request'
puma (3.9.1) lib/puma/server.rb:435:in `process_client'
puma (3.9.1) lib/puma/server.rb:299:in `block in run'
puma (3.9.1) lib/puma/thread_pool.rb:120:in `block in spawn_thread'
Started PUT "/__web_console/repl_sessions/6503576c0e1b79c22cab08c0d195a806" for 127.0.0.1 at 2017-07-19 12:15:42 +0300
Started PUT "/__web_console/repl_sessions/6503576c0e1b79c22cab08c0d195a806" for 127.0.0.1 at 2017-07-19 12:15:42 +0300
  [1m[35m (0.2ms)[0m  [1m[34mSELECT pg_try_advisory_lock(8673446560882135725);[0m
  [1m[35m (9.8ms)[0m  [1m[34mSELECT "schema_migrations"."version" FROM "schema_migrations" ORDER BY "schema_migrations"."version" ASC[0m
  [1m[36mActiveRecord::InternalMetadata Load (0.5ms)[0m  [1m[34mSELECT  "ar_internal_metadata".* FROM "ar_internal_metadata" WHERE "ar_internal_metadata"."key" = $1 LIMIT $2[0m  [["key", "environment"], ["LIMIT", 1]]
  [1m[35m (0.1ms)[0m  [1m[35mBEGIN[0m
  [1m[35m (0.2ms)[0m  [1m[35mCOMMIT[0m
  [1m[35m (0.2ms)[0m  [1m[34mSELECT pg_advisory_unlock(8673446560882135725)[0m
  [1m[35m (1.0ms)[0m  [1m[34mSELECT "schema_migrations"."version" FROM "schema_migrations" ORDER BY "schema_migrations"."version" ASC[0m
Started GET "/todo" for 127.0.0.1 at 2017-07-19 12:17:15 +0300
  [1m[35m (0.6ms)[0m  [1m[34mSELECT "schema_migrations"."version" FROM "schema_migrations" ORDER BY "schema_migrations"."version" ASC[0m
Processing by TodoController#index as HTML
  Rendering todo/index.html.erb within layouts/application
  Rendered todo/index.html.erb within layouts/application (1.8ms)
Completed 500 Internal Server Error in 737ms (ActiveRecord: 0.0ms)


  
ActionView::Template::Error (
        WebpackerLite can't find the manifest file: /Users/dunice/rails_on_react/public/webpack/development/manifest.json
        Possible causes:
          1. You have not invoked webpack.
          2. You have misconfigured WebpackerLite's config/webpacker_lite.yml file.
          3. Your Webpack configuration is not creating a manifest.
):
     6: 
     7:     <%= stylesheet_link_tag    'application', media: 'all', 'data-turbolinks-track' => 'reload' %>
     8:     <%= javascript_include_tag 'application', 'data-turbolinks-track' => 'reload' %>
     9:     <%= javascript_pack_tag 'webpack-bundle' %>
    10: 
    11:   </head>
    12: 
  
app/views/layouts/application.html.erb:9:in `_app_views_layouts_application_html_erb__1501454028284857606_70109326807160'
Started GET "/todo" for 127.0.0.1 at 2017-07-19 12:17:17 +0300
Processing by TodoController#index as HTML
  Rendering todo/index.html.erb within layouts/application
  Rendered todo/index.html.erb within layouts/application (0.4ms)
Completed 500 Internal Server Error in 39ms (ActiveRecord: 0.0ms)


  
ActionView::Template::Error (
        WebpackerLite can't find the manifest file: /Users/dunice/rails_on_react/public/webpack/development/manifest.json
        Possible causes:
          1. You have not invoked webpack.
          2. You have misconfigured WebpackerLite's config/webpacker_lite.yml file.
          3. Your Webpack configuration is not creating a manifest.
):
     6: 
     7:     <%= stylesheet_link_tag    'application', media: 'all', 'data-turbolinks-track' => 'reload' %>
     8:     <%= javascript_include_tag 'application', 'data-turbolinks-track' => 'reload' %>
     9:     <%= javascript_pack_tag 'webpack-bundle' %>
    10: 
    11:   </head>
    12: 
  
app/views/layouts/application.html.erb:9:in `_app_views_layouts_application_html_erb__1501454028284857606_70109331997500'
Started GET "/todo" for 127.0.0.1 at 2017-07-19 12:17:34 +0300
Processing by TodoController#index as HTML
  Rendering todo/index.html.erb within layouts/application
  Rendered todo/index.html.erb within layouts/application (0.7ms)
Completed 200 OK in 40ms (Views: 38.3ms | ActiveRecord: 0.0ms)


Started GET "/todo" for 127.0.0.1 at 2017-07-19 12:22:39 +0300
Processing by TodoController#index as HTML
  Rendering todo/index.html.erb within layouts/application
  Rendered todo/index.html.erb within layouts/application (0.3ms)
Completed 200 OK in 49ms (Views: 41.1ms | ActiveRecord: 0.0ms)


Started GET "/todo" for 127.0.0.1 at 2017-07-19 12:23:11 +0300
Processing by TodoController#index as HTML
  Rendering todo/index.html.erb within layouts/application
  Rendered todo/index.html.erb within layouts/application (0.4ms)
Completed 200 OK in 45ms (Views: 35.1ms | ActiveRecord: 0.0ms)


Started GET "/todo" for 127.0.0.1 at 2017-07-19 12:23:12 +0300
Processing by TodoController#index as HTML
  Rendering todo/index.html.erb within layouts/application
  Rendered todo/index.html.erb within layouts/application (0.3ms)
Completed 200 OK in 23ms (Views: 21.1ms | ActiveRecord: 0.0ms)


Started GET "/todo" for 127.0.0.1 at 2017-07-19 12:23:12 +0300
Processing by TodoController#index as HTML
  Rendering todo/index.html.erb within layouts/application
  Rendered todo/index.html.erb within layouts/application (0.5ms)
Completed 200 OK in 24ms (Views: 22.0ms | ActiveRecord: 0.0ms)


Started GET "/todo" for 127.0.0.1 at 2017-07-19 12:23:13 +0300
Processing by TodoController#index as HTML
  Rendering todo/index.html.erb within layouts/application
  Rendered todo/index.html.erb within layouts/application (1.2ms)
Completed 200 OK in 25ms (Views: 23.4ms | ActiveRecord: 0.0ms)


Started GET "/todo" for 127.0.0.1 at 2017-07-19 12:23:13 +0300
Processing by TodoController#index as HTML
  Rendering todo/index.html.erb within layouts/application
  Rendered todo/index.html.erb within layouts/application (0.4ms)
Completed 200 OK in 22ms (Views: 20.5ms | ActiveRecord: 0.0ms)


Started GET "/todo" for 127.0.0.1 at 2017-07-19 12:23:14 +0300
Processing by TodoController#index as HTML
  Rendering todo/index.html.erb within layouts/application
  Rendered todo/index.html.erb within layouts/application (0.5ms)
Completed 200 OK in 27ms (Views: 24.9ms | ActiveRecord: 0.0ms)


Started GET "/todo" for 127.0.0.1 at 2017-07-19 12:23:27 +0300
Processing by TodoController#index as HTML
  Rendering todo/index.html.erb within layouts/application
  Rendered todo/index.html.erb within layouts/application (0.5ms)
Completed 200 OK in 23ms (Views: 20.1ms | ActiveRecord: 0.0ms)


Started GET "/todo" for 127.0.0.1 at 2017-07-19 12:23:30 +0300
Processing by TodoController#index as HTML
  Rendering todo/index.html.erb within layouts/application
  Rendered todo/index.html.erb within layouts/application (0.4ms)
Completed 200 OK in 24ms (Views: 20.3ms | ActiveRecord: 0.0ms)


  [1m[35m (0.2ms)[0m  [1m[35mBEGIN[0m
  [1m[35mSQL (19.5ms)[0m  [1m[32mINSERT INTO "todos" ("todo", "created_at", "updated_at") VALUES ($1, $2, $3) RETURNING "id"[0m  [["todo", "erfrf"], ["created_at", "2017-07-19 09:24:59.060369"], ["updated_at", "2017-07-19 09:24:59.060369"]]
  [1m[35m (0.9ms)[0m  [1m[35mCOMMIT[0m
  [1m[35m (0.2ms)[0m  [1m[35mBEGIN[0m
  [1m[35mSQL (0.3ms)[0m  [1m[32mINSERT INTO "todos" ("todo", "created_at", "updated_at") VALUES ($1, $2, $3) RETURNING "id"[0m  [["todo", "234234"], ["created_at", "2017-07-19 09:25:02.906245"], ["updated_at", "2017-07-19 09:25:02.906245"]]
  [1m[35m (4.5ms)[0m  [1m[35mCOMMIT[0m
  [1m[35m (0.1ms)[0m  [1m[35mBEGIN[0m
  [1m[35mSQL (0.5ms)[0m  [1m[32mINSERT INTO "todos" ("todo", "created_at", "updated_at") VALUES ($1, $2, $3) RETURNING "id"[0m  [["todo", "234234"], ["created_at", "2017-07-19 09:25:16.095470"], ["updated_at", "2017-07-19 09:25:16.095470"]]
  [1m[35m (6.2ms)[0m  [1m[35mCOMMIT[0m
  [1m[35m (0.2ms)[0m  [1m[35mBEGIN[0m
  [1m[35mSQL (0.4ms)[0m  [1m[32mINSERT INTO "todos" ("todo", "created_at", "updated_at") VALUES ($1, $2, $3) RETURNING "id"[0m  [["todo", "УАУАУЦАКУА"], ["created_at", "2017-07-19 09:25:21.667519"], ["updated_at", "2017-07-19 09:25:21.667519"]]
  [1m[35m (5.6ms)[0m  [1m[35mCOMMIT[0m
Started GET "/todo" for 127.0.0.1 at 2017-07-19 12:25:35 +0300
Processing by TodoController#index as HTML
  Rendering todo/index.html.erb within layouts/application
  Rendered todo/index.html.erb within layouts/application (0.5ms)
Completed 200 OK in 39ms (Views: 35.8ms | ActiveRecord: 0.0ms)


Started GET "/todo" for 127.0.0.1 at 2017-07-19 12:25:35 +0300
Processing by TodoController#index as HTML
  Rendering todo/index.html.erb within layouts/application
  Rendered todo/index.html.erb within layouts/application (0.5ms)
Completed 200 OK in 26ms (Views: 23.4ms | ActiveRecord: 0.0ms)


Started GET "/todo" for 127.0.0.1 at 2017-07-19 12:25:36 +0300
Processing by TodoController#index as HTML
  Rendering todo/index.html.erb within layouts/application
  Rendered todo/index.html.erb within layouts/application (0.3ms)
Completed 200 OK in 22ms (Views: 20.7ms | ActiveRecord: 0.0ms)


Started GET "/todo" for 127.0.0.1 at 2017-07-19 12:25:37 +0300
Processing by TodoController#index as HTML
  Rendering todo/index.html.erb within layouts/application
  Rendered todo/index.html.erb within layouts/application (0.3ms)
Completed 200 OK in 20ms (Views: 17.5ms | ActiveRecord: 0.0ms)


Started GET "/todo" for 127.0.0.1 at 2017-07-19 12:25:38 +0300
Processing by TodoController#index as HTML
  Rendering todo/index.html.erb within layouts/application
  Rendered todo/index.html.erb within layouts/application (0.5ms)
Completed 200 OK in 25ms (Views: 22.0ms | ActiveRecord: 0.0ms)


Started GET "/todo" for 127.0.0.1 at 2017-07-19 12:26:20 +0300
Processing by TodoController#index as HTML
  Rendering todo/index.html.erb within layouts/application
  Rendered todo/index.html.erb within layouts/application (0.3ms)
Completed 200 OK in 29ms (Views: 24.0ms | ActiveRecord: 0.0ms)


Started GET "/todo" for 127.0.0.1 at 2017-07-19 12:27:20 +0300
Processing by TodoController#index as HTML
  Rendering todo/index.html.erb within layouts/application
  Rendered todo/index.html.erb within layouts/application (252.2ms)
Completed 200 OK in 281ms (Views: 278.9ms | ActiveRecord: 0.0ms)


Started GET "/todo" for 127.0.0.1 at 2017-07-19 12:27:21 +0300
Processing by TodoController#index as HTML
  Rendering todo/index.html.erb within layouts/application
  Rendered todo/index.html.erb within layouts/application (0.9ms)
Completed 200 OK in 27ms (Views: 21.7ms | ActiveRecord: 0.0ms)


Started GET "/todo" for 127.0.0.1 at 2017-07-19 12:27:22 +0300
Processing by TodoController#index as HTML
  Rendering todo/index.html.erb within layouts/application
  Rendered todo/index.html.erb within layouts/application (1.5ms)
Completed 200 OK in 35ms (Views: 32.7ms | ActiveRecord: 0.0ms)


Started GET "/todo" for 127.0.0.1 at 2017-07-19 12:27:22 +0300
Processing by TodoController#index as HTML
  Rendering todo/index.html.erb within layouts/application
  Rendered todo/index.html.erb within layouts/application (1.3ms)
Completed 200 OK in 34ms (Views: 32.5ms | ActiveRecord: 0.0ms)


Started GET "/todo" for 127.0.0.1 at 2017-07-19 12:27:23 +0300
Processing by TodoController#index as HTML
  Rendering todo/index.html.erb within layouts/application
  Rendered todo/index.html.erb within layouts/application (1.8ms)
Completed 200 OK in 35ms (Views: 32.7ms | ActiveRecord: 0.0ms)


Started GET "/todo" for 127.0.0.1 at 2017-07-19 12:36:06 +0300
Processing by TodoController#index as HTML
  Rendering todo/index.html.erb within layouts/application
  Rendered todo/index.html.erb within layouts/application (2.1ms)
Completed 200 OK in 37ms (Views: 35.0ms | ActiveRecord: 0.0ms)


Started GET "/todo" for 127.0.0.1 at 2017-07-19 12:36:07 +0300
Processing by TodoController#index as HTML
  Rendering todo/index.html.erb within layouts/application
  Rendered todo/index.html.erb within layouts/application (0.9ms)
Completed 200 OK in 25ms (Views: 22.9ms | ActiveRecord: 0.0ms)


Started GET "/todo" for 127.0.0.1 at 2017-07-19 12:36:08 +0300
Processing by TodoController#index as HTML
  Rendering todo/index.html.erb within layouts/application
  Rendered todo/index.html.erb within layouts/application (1.6ms)
Completed 200 OK in 30ms (Views: 28.3ms | ActiveRecord: 0.0ms)


Started GET "/todo" for 127.0.0.1 at 2017-07-19 12:36:08 +0300
Processing by TodoController#index as HTML
  Rendering todo/index.html.erb within layouts/application
  Rendered todo/index.html.erb within layouts/application (1.3ms)
Completed 200 OK in 26ms (Views: 23.7ms | ActiveRecord: 0.0ms)


Started GET "/todo" for 127.0.0.1 at 2017-07-19 12:36:09 +0300
Processing by TodoController#index as HTML
  Rendering todo/index.html.erb within layouts/application
  Rendered todo/index.html.erb within layouts/application (1.1ms)
Completed 200 OK in 24ms (Views: 22.4ms | ActiveRecord: 0.0ms)


Started GET "/todo" for 127.0.0.1 at 2017-07-19 12:36:09 +0300
Processing by TodoController#index as HTML
  Rendering todo/index.html.erb within layouts/application
  Rendered todo/index.html.erb within layouts/application (1.9ms)
Completed 200 OK in 42ms (Views: 39.2ms | ActiveRecord: 0.0ms)


Started GET "/todo" for 127.0.0.1 at 2017-07-19 12:36:10 +0300
Processing by TodoController#index as HTML
  Rendering todo/index.html.erb within layouts/application
  Rendered todo/index.html.erb within layouts/application (1.7ms)
Completed 200 OK in 26ms (Views: 24.2ms | ActiveRecord: 0.0ms)


Started GET "/todo" for 127.0.0.1 at 2017-07-19 12:36:10 +0300
Processing by TodoController#index as HTML
  Rendering todo/index.html.erb within layouts/application
  Rendered todo/index.html.erb within layouts/application (1.1ms)
Completed 200 OK in 25ms (Views: 23.5ms | ActiveRecord: 0.0ms)


Started GET "/todo" for 127.0.0.1 at 2017-07-19 12:36:11 +0300
Processing by TodoController#index as HTML
  Rendering todo/index.html.erb within layouts/application
  Rendered todo/index.html.erb within layouts/application (1.2ms)
Completed 200 OK in 24ms (Views: 22.7ms | ActiveRecord: 0.0ms)


Started GET "/todo" for 127.0.0.1 at 2017-07-19 12:36:11 +0300
Processing by TodoController#index as HTML
  Rendering todo/index.html.erb within layouts/application
  Rendered todo/index.html.erb within layouts/application (1.2ms)
Completed 200 OK in 28ms (Views: 26.6ms | ActiveRecord: 0.0ms)


Started GET "/static" for 127.0.0.1 at 2017-07-19 12:37:44 +0300
  
ActionController::RoutingError (No route matches [GET] "/static"):
  
actionpack (5.1.2) lib/action_dispatch/middleware/debug_exceptions.rb:63:in `call'
web-console (3.5.1) lib/web_console/middleware.rb:135:in `call_app'
web-console (3.5.1) lib/web_console/middleware.rb:28:in `block in call'
web-console (3.5.1) lib/web_console/middleware.rb:18:in `catch'
web-console (3.5.1) lib/web_console/middleware.rb:18:in `call'
actionpack (5.1.2) lib/action_dispatch/middleware/show_exceptions.rb:31:in `call'
railties (5.1.2) lib/rails/rack/logger.rb:36:in `call_app'
railties (5.1.2) lib/rails/rack/logger.rb:24:in `block in call'
activesupport (5.1.2) lib/active_support/tagged_logging.rb:69:in `block in tagged'
activesupport (5.1.2) lib/active_support/tagged_logging.rb:26:in `tagged'
activesupport (5.1.2) lib/active_support/tagged_logging.rb:69:in `tagged'
railties (5.1.2) lib/rails/rack/logger.rb:24:in `call'
sprockets-rails (3.2.0) lib/sprockets/rails/quiet_assets.rb:13:in `call'
actionpack (5.1.2) lib/action_dispatch/middleware/remote_ip.rb:79:in `call'
actionpack (5.1.2) lib/action_dispatch/middleware/request_id.rb:25:in `call'
rack (2.0.3) lib/rack/method_override.rb:22:in `call'
rack (2.0.3) lib/rack/runtime.rb:22:in `call'
activesupport (5.1.2) lib/active_support/cache/strategy/local_cache_middleware.rb:27:in `call'
actionpack (5.1.2) lib/action_dispatch/middleware/executor.rb:12:in `call'
actionpack (5.1.2) lib/action_dispatch/middleware/static.rb:125:in `call'
rack (2.0.3) lib/rack/sendfile.rb:111:in `call'
railties (5.1.2) lib/rails/engine.rb:522:in `call'
puma (3.9.1) lib/puma/configuration.rb:224:in `call'
puma (3.9.1) lib/puma/server.rb:602:in `handle_request'
puma (3.9.1) lib/puma/server.rb:435:in `process_client'
puma (3.9.1) lib/puma/server.rb:299:in `block in run'
puma (3.9.1) lib/puma/thread_pool.rb:120:in `block in spawn_thread'
Started GET "/static" for 127.0.0.1 at 2017-07-19 12:38:00 +0300
  
ActionController::RoutingError (No route matches [GET] "/static"):
  
actionpack (5.1.2) lib/action_dispatch/middleware/debug_exceptions.rb:63:in `call'
web-console (3.5.1) lib/web_console/middleware.rb:135:in `call_app'
web-console (3.5.1) lib/web_console/middleware.rb:28:in `block in call'
web-console (3.5.1) lib/web_console/middleware.rb:18:in `catch'
web-console (3.5.1) lib/web_console/middleware.rb:18:in `call'
actionpack (5.1.2) lib/action_dispatch/middleware/show_exceptions.rb:31:in `call'
railties (5.1.2) lib/rails/rack/logger.rb:36:in `call_app'
railties (5.1.2) lib/rails/rack/logger.rb:24:in `block in call'
activesupport (5.1.2) lib/active_support/tagged_logging.rb:69:in `block in tagged'
activesupport (5.1.2) lib/active_support/tagged_logging.rb:26:in `tagged'
activesupport (5.1.2) lib/active_support/tagged_logging.rb:69:in `tagged'
railties (5.1.2) lib/rails/rack/logger.rb:24:in `call'
sprockets-rails (3.2.0) lib/sprockets/rails/quiet_assets.rb:13:in `call'
actionpack (5.1.2) lib/action_dispatch/middleware/remote_ip.rb:79:in `call'
actionpack (5.1.2) lib/action_dispatch/middleware/request_id.rb:25:in `call'
rack (2.0.3) lib/rack/method_override.rb:22:in `call'
rack (2.0.3) lib/rack/runtime.rb:22:in `call'
activesupport (5.1.2) lib/active_support/cache/strategy/local_cache_middleware.rb:27:in `call'
actionpack (5.1.2) lib/action_dispatch/middleware/executor.rb:12:in `call'
actionpack (5.1.2) lib/action_dispatch/middleware/static.rb:125:in `call'
rack (2.0.3) lib/rack/sendfile.rb:111:in `call'
railties (5.1.2) lib/rails/engine.rb:522:in `call'
puma (3.9.1) lib/puma/configuration.rb:224:in `call'
puma (3.9.1) lib/puma/server.rb:602:in `handle_request'
puma (3.9.1) lib/puma/server.rb:435:in `process_client'
puma (3.9.1) lib/puma/server.rb:299:in `block in run'
puma (3.9.1) lib/puma/thread_pool.rb:120:in `block in spawn_thread'
Started GET "/static" for 127.0.0.1 at 2017-07-19 12:38:01 +0300
  
ActionController::RoutingError (No route matches [GET] "/static"):
  
actionpack (5.1.2) lib/action_dispatch/middleware/debug_exceptions.rb:63:in `call'
web-console (3.5.1) lib/web_console/middleware.rb:135:in `call_app'
web-console (3.5.1) lib/web_console/middleware.rb:28:in `block in call'
web-console (3.5.1) lib/web_console/middleware.rb:18:in `catch'
web-console (3.5.1) lib/web_console/middleware.rb:18:in `call'
actionpack (5.1.2) lib/action_dispatch/middleware/show_exceptions.rb:31:in `call'
railties (5.1.2) lib/rails/rack/logger.rb:36:in `call_app'
railties (5.1.2) lib/rails/rack/logger.rb:24:in `block in call'
activesupport (5.1.2) lib/active_support/tagged_logging.rb:69:in `block in tagged'
activesupport (5.1.2) lib/active_support/tagged_logging.rb:26:in `tagged'
activesupport (5.1.2) lib/active_support/tagged_logging.rb:69:in `tagged'
railties (5.1.2) lib/rails/rack/logger.rb:24:in `call'
sprockets-rails (3.2.0) lib/sprockets/rails/quiet_assets.rb:13:in `call'
actionpack (5.1.2) lib/action_dispatch/middleware/remote_ip.rb:79:in `call'
actionpack (5.1.2) lib/action_dispatch/middleware/request_id.rb:25:in `call'
rack (2.0.3) lib/rack/method_override.rb:22:in `call'
rack (2.0.3) lib/rack/runtime.rb:22:in `call'
activesupport (5.1.2) lib/active_support/cache/strategy/local_cache_middleware.rb:27:in `call'
actionpack (5.1.2) lib/action_dispatch/middleware/executor.rb:12:in `call'
actionpack (5.1.2) lib/action_dispatch/middleware/static.rb:125:in `call'
rack (2.0.3) lib/rack/sendfile.rb:111:in `call'
railties (5.1.2) lib/rails/engine.rb:522:in `call'
puma (3.9.1) lib/puma/configuration.rb:224:in `call'
puma (3.9.1) lib/puma/server.rb:602:in `handle_request'
puma (3.9.1) lib/puma/server.rb:435:in `process_client'
puma (3.9.1) lib/puma/server.rb:299:in `block in run'
puma (3.9.1) lib/puma/thread_pool.rb:120:in `block in spawn_thread'
Started GET "/static" for 127.0.0.1 at 2017-07-19 12:38:10 +0300
  
ActionController::RoutingError (No route matches [GET] "/static"):
  
actionpack (5.1.2) lib/action_dispatch/middleware/debug_exceptions.rb:63:in `call'
web-console (3.5.1) lib/web_console/middleware.rb:135:in `call_app'
web-console (3.5.1) lib/web_console/middleware.rb:28:in `block in call'
web-console (3.5.1) lib/web_console/middleware.rb:18:in `catch'
web-console (3.5.1) lib/web_console/middleware.rb:18:in `call'
actionpack (5.1.2) lib/action_dispatch/middleware/show_exceptions.rb:31:in `call'
railties (5.1.2) lib/rails/rack/logger.rb:36:in `call_app'
railties (5.1.2) lib/rails/rack/logger.rb:24:in `block in call'
activesupport (5.1.2) lib/active_support/tagged_logging.rb:69:in `block in tagged'
activesupport (5.1.2) lib/active_support/tagged_logging.rb:26:in `tagged'
activesupport (5.1.2) lib/active_support/tagged_logging.rb:69:in `tagged'
railties (5.1.2) lib/rails/rack/logger.rb:24:in `call'
sprockets-rails (3.2.0) lib/sprockets/rails/quiet_assets.rb:13:in `call'
actionpack (5.1.2) lib/action_dispatch/middleware/remote_ip.rb:79:in `call'
actionpack (5.1.2) lib/action_dispatch/middleware/request_id.rb:25:in `call'
rack (2.0.3) lib/rack/method_override.rb:22:in `call'
rack (2.0.3) lib/rack/runtime.rb:22:in `call'
activesupport (5.1.2) lib/active_support/cache/strategy/local_cache_middleware.rb:27:in `call'
actionpack (5.1.2) lib/action_dispatch/middleware/executor.rb:12:in `call'
actionpack (5.1.2) lib/action_dispatch/middleware/static.rb:125:in `call'
rack (2.0.3) lib/rack/sendfile.rb:111:in `call'
railties (5.1.2) lib/rails/engine.rb:522:in `call'
puma (3.9.1) lib/puma/configuration.rb:224:in `call'
puma (3.9.1) lib/puma/server.rb:602:in `handle_request'
puma (3.9.1) lib/puma/server.rb:435:in `process_client'
puma (3.9.1) lib/puma/server.rb:299:in `block in run'
puma (3.9.1) lib/puma/thread_pool.rb:120:in `block in spawn_thread'
Started GET "/static" for 127.0.0.1 at 2017-07-19 12:40:12 +0300
  
ActionController::RoutingError (No route matches [GET] "/static"):
  
actionpack (5.1.2) lib/action_dispatch/middleware/debug_exceptions.rb:63:in `call'
web-console (3.5.1) lib/web_console/middleware.rb:135:in `call_app'
web-console (3.5.1) lib/web_console/middleware.rb:28:in `block in call'
web-console (3.5.1) lib/web_console/middleware.rb:18:in `catch'
web-console (3.5.1) lib/web_console/middleware.rb:18:in `call'
actionpack (5.1.2) lib/action_dispatch/middleware/show_exceptions.rb:31:in `call'
railties (5.1.2) lib/rails/rack/logger.rb:36:in `call_app'
railties (5.1.2) lib/rails/rack/logger.rb:24:in `block in call'
activesupport (5.1.2) lib/active_support/tagged_logging.rb:69:in `block in tagged'
activesupport (5.1.2) lib/active_support/tagged_logging.rb:26:in `tagged'
activesupport (5.1.2) lib/active_support/tagged_logging.rb:69:in `tagged'
railties (5.1.2) lib/rails/rack/logger.rb:24:in `call'
sprockets-rails (3.2.0) lib/sprockets/rails/quiet_assets.rb:13:in `call'
actionpack (5.1.2) lib/action_dispatch/middleware/remote_ip.rb:79:in `call'
actionpack (5.1.2) lib/action_dispatch/middleware/request_id.rb:25:in `call'
rack (2.0.3) lib/rack/method_override.rb:22:in `call'
rack (2.0.3) lib/rack/runtime.rb:22:in `call'
activesupport (5.1.2) lib/active_support/cache/strategy/local_cache_middleware.rb:27:in `call'
actionpack (5.1.2) lib/action_dispatch/middleware/executor.rb:12:in `call'
actionpack (5.1.2) lib/action_dispatch/middleware/static.rb:125:in `call'
rack (2.0.3) lib/rack/sendfile.rb:111:in `call'
railties (5.1.2) lib/rails/engine.rb:522:in `call'
puma (3.9.1) lib/puma/configuration.rb:224:in `call'
puma (3.9.1) lib/puma/server.rb:602:in `handle_request'
puma (3.9.1) lib/puma/server.rb:435:in `process_client'
puma (3.9.1) lib/puma/server.rb:299:in `block in run'
puma (3.9.1) lib/puma/thread_pool.rb:120:in `block in spawn_thread'
Started GET "/static" for 127.0.0.1 at 2017-07-19 12:40:24 +0300
  [1m[35m (1.4ms)[0m  [1m[34mSELECT "schema_migrations"."version" FROM "schema_migrations" ORDER BY "schema_migrations"."version" ASC[0m
  
ActionController::RoutingError (No route matches [GET] "/static"):
  
actionpack (5.1.2) lib/action_dispatch/middleware/debug_exceptions.rb:63:in `call'
web-console (3.5.1) lib/web_console/middleware.rb:135:in `call_app'
web-console (3.5.1) lib/web_console/middleware.rb:28:in `block in call'
web-console (3.5.1) lib/web_console/middleware.rb:18:in `catch'
web-console (3.5.1) lib/web_console/middleware.rb:18:in `call'
actionpack (5.1.2) lib/action_dispatch/middleware/show_exceptions.rb:31:in `call'
railties (5.1.2) lib/rails/rack/logger.rb:36:in `call_app'
railties (5.1.2) lib/rails/rack/logger.rb:24:in `block in call'
activesupport (5.1.2) lib/active_support/tagged_logging.rb:69:in `block in tagged'
activesupport (5.1.2) lib/active_support/tagged_logging.rb:26:in `tagged'
activesupport (5.1.2) lib/active_support/tagged_logging.rb:69:in `tagged'
railties (5.1.2) lib/rails/rack/logger.rb:24:in `call'
sprockets-rails (3.2.0) lib/sprockets/rails/quiet_assets.rb:13:in `call'
actionpack (5.1.2) lib/action_dispatch/middleware/remote_ip.rb:79:in `call'
actionpack (5.1.2) lib/action_dispatch/middleware/request_id.rb:25:in `call'
rack (2.0.3) lib/rack/method_override.rb:22:in `call'
rack (2.0.3) lib/rack/runtime.rb:22:in `call'
activesupport (5.1.2) lib/active_support/cache/strategy/local_cache_middleware.rb:27:in `call'
actionpack (5.1.2) lib/action_dispatch/middleware/executor.rb:12:in `call'
actionpack (5.1.2) lib/action_dispatch/middleware/static.rb:125:in `call'
rack (2.0.3) lib/rack/sendfile.rb:111:in `call'
railties (5.1.2) lib/rails/engine.rb:522:in `call'
puma (3.9.1) lib/puma/configuration.rb:224:in `call'
puma (3.9.1) lib/puma/server.rb:602:in `handle_request'
puma (3.9.1) lib/puma/server.rb:435:in `process_client'
puma (3.9.1) lib/puma/server.rb:299:in `block in run'
puma (3.9.1) lib/puma/thread_pool.rb:120:in `block in spawn_thread'
Started GET "/" for 127.0.0.1 at 2017-07-19 12:40:36 +0300
Processing by Rails::WelcomeController#index as HTML
  Rendering /Users/dunice/.rvm/gems/ruby-2.3.1/gems/railties-5.1.2/lib/rails/templates/rails/welcome/index.html.erb
  Rendered /Users/dunice/.rvm/gems/ruby-2.3.1/gems/railties-5.1.2/lib/rails/templates/rails/welcome/index.html.erb (3.8ms)
Completed 200 OK in 11ms (Views: 7.5ms | ActiveRecord: 0.0ms)


Started GET "/" for 127.0.0.1 at 2017-07-19 12:41:25 +0300
Processing by Rails::WelcomeController#index as HTML
  Rendering /Users/dunice/.rvm/gems/ruby-2.3.1/gems/railties-5.1.2/lib/rails/templates/rails/welcome/index.html.erb
  Rendered /Users/dunice/.rvm/gems/ruby-2.3.1/gems/railties-5.1.2/lib/rails/templates/rails/welcome/index.html.erb (6.0ms)
Completed 200 OK in 17ms (Views: 13.0ms | ActiveRecord: 0.0ms)


Started GET "/todo" for 127.0.0.1 at 2017-07-19 12:41:36 +0300
Processing by TodoController#index as HTML
  Rendering todo/index.html.erb within layouts/application
  Rendered todo/index.html.erb within layouts/application (146.9ms)
Completed 200 OK in 368ms (Views: 361.4ms | ActiveRecord: 0.0ms)


Started GET "/todo" for 127.0.0.1 at 2017-07-19 12:41:59 +0300
Processing by TodoController#index as HTML
  Rendering todo/index.html.erb within layouts/application
  Rendered todo/index.html.erb within layouts/application (1.4ms)
Completed 200 OK in 32ms (Views: 29.4ms | ActiveRecord: 0.0ms)


Started GET "/todo" for 127.0.0.1 at 2017-07-19 12:42:00 +0300
Processing by TodoController#index as HTML
  Rendering todo/index.html.erb within layouts/application
  Rendered todo/index.html.erb within layouts/application (1.9ms)
Completed 200 OK in 34ms (Views: 32.3ms | ActiveRecord: 0.0ms)


Started GET "/todo" for 127.0.0.1 at 2017-07-19 12:42:00 +0300
Processing by TodoController#index as HTML
  Rendering todo/index.html.erb within layouts/application
  Rendered todo/index.html.erb within layouts/application (1.5ms)
Completed 200 OK in 32ms (Views: 30.4ms | ActiveRecord: 0.0ms)


Started GET "/" for 127.0.0.1 at 2017-07-19 12:42:09 +0300
Processing by Rails::WelcomeController#index as HTML
  Rendering /Users/dunice/.rvm/gems/ruby-2.3.1/gems/railties-5.1.2/lib/rails/templates/rails/welcome/index.html.erb
  Rendered /Users/dunice/.rvm/gems/ruby-2.3.1/gems/railties-5.1.2/lib/rails/templates/rails/welcome/index.html.erb (5.0ms)
Completed 200 OK in 14ms (Views: 10.3ms | ActiveRecord: 0.0ms)


Started GET "/static" for 127.0.0.1 at 2017-07-19 12:42:17 +0300
  
ActionController::RoutingError (No route matches [GET] "/static"):
  
actionpack (5.1.2) lib/action_dispatch/middleware/debug_exceptions.rb:63:in `call'
web-console (3.5.1) lib/web_console/middleware.rb:135:in `call_app'
web-console (3.5.1) lib/web_console/middleware.rb:28:in `block in call'
web-console (3.5.1) lib/web_console/middleware.rb:18:in `catch'
web-console (3.5.1) lib/web_console/middleware.rb:18:in `call'
actionpack (5.1.2) lib/action_dispatch/middleware/show_exceptions.rb:31:in `call'
railties (5.1.2) lib/rails/rack/logger.rb:36:in `call_app'
railties (5.1.2) lib/rails/rack/logger.rb:24:in `block in call'
activesupport (5.1.2) lib/active_support/tagged_logging.rb:69:in `block in tagged'
activesupport (5.1.2) lib/active_support/tagged_logging.rb:26:in `tagged'
activesupport (5.1.2) lib/active_support/tagged_logging.rb:69:in `tagged'
railties (5.1.2) lib/rails/rack/logger.rb:24:in `call'
sprockets-rails (3.2.0) lib/sprockets/rails/quiet_assets.rb:13:in `call'
actionpack (5.1.2) lib/action_dispatch/middleware/remote_ip.rb:79:in `call'
actionpack (5.1.2) lib/action_dispatch/middleware/request_id.rb:25:in `call'
rack (2.0.3) lib/rack/method_override.rb:22:in `call'
rack (2.0.3) lib/rack/runtime.rb:22:in `call'
activesupport (5.1.2) lib/active_support/cache/strategy/local_cache_middleware.rb:27:in `call'
actionpack (5.1.2) lib/action_dispatch/middleware/executor.rb:12:in `call'
actionpack (5.1.2) lib/action_dispatch/middleware/static.rb:125:in `call'
rack (2.0.3) lib/rack/sendfile.rb:111:in `call'
railties (5.1.2) lib/rails/engine.rb:522:in `call'
puma (3.9.1) lib/puma/configuration.rb:224:in `call'
puma (3.9.1) lib/puma/server.rb:602:in `handle_request'
puma (3.9.1) lib/puma/server.rb:435:in `process_client'
puma (3.9.1) lib/puma/server.rb:299:in `block in run'
puma (3.9.1) lib/puma/thread_pool.rb:120:in `block in spawn_thread'
  [1m[35m (0.2ms)[0m  [1m[34mSELECT pg_try_advisory_lock(8673446560882135725);[0m
  [1m[35m (9.4ms)[0m  [1m[34mSELECT "schema_migrations"."version" FROM "schema_migrations" ORDER BY "schema_migrations"."version" ASC[0m
  [1m[36mActiveRecord::InternalMetadata Load (0.3ms)[0m  [1m[34mSELECT  "ar_internal_metadata".* FROM "ar_internal_metadata" WHERE "ar_internal_metadata"."key" = $1 LIMIT $2[0m  [["key", "environment"], ["LIMIT", 1]]
  [1m[35m (0.2ms)[0m  [1m[35mBEGIN[0m
  [1m[35m (0.1ms)[0m  [1m[35mCOMMIT[0m
  [1m[35m (0.2ms)[0m  [1m[34mSELECT pg_advisory_unlock(8673446560882135725)[0m
  [1m[35m (0.4ms)[0m  [1m[34mSELECT "schema_migrations"."version" FROM "schema_migrations" ORDER BY "schema_migrations"."version" ASC[0m
Started GET "/static" for 127.0.0.1 at 2017-07-19 12:42:48 +0300
  
ActionController::RoutingError (No route matches [GET] "/static"):
  
actionpack (5.1.2) lib/action_dispatch/middleware/debug_exceptions.rb:63:in `call'
web-console (3.5.1) lib/web_console/middleware.rb:135:in `call_app'
web-console (3.5.1) lib/web_console/middleware.rb:28:in `block in call'
web-console (3.5.1) lib/web_console/middleware.rb:18:in `catch'
web-console (3.5.1) lib/web_console/middleware.rb:18:in `call'
actionpack (5.1.2) lib/action_dispatch/middleware/show_exceptions.rb:31:in `call'
railties (5.1.2) lib/rails/rack/logger.rb:36:in `call_app'
railties (5.1.2) lib/rails/rack/logger.rb:24:in `block in call'
activesupport (5.1.2) lib/active_support/tagged_logging.rb:69:in `block in tagged'
activesupport (5.1.2) lib/active_support/tagged_logging.rb:26:in `tagged'
activesupport (5.1.2) lib/active_support/tagged_logging.rb:69:in `tagged'
railties (5.1.2) lib/rails/rack/logger.rb:24:in `call'
sprockets-rails (3.2.0) lib/sprockets/rails/quiet_assets.rb:13:in `call'
actionpack (5.1.2) lib/action_dispatch/middleware/remote_ip.rb:79:in `call'
actionpack (5.1.2) lib/action_dispatch/middleware/request_id.rb:25:in `call'
rack (2.0.3) lib/rack/method_override.rb:22:in `call'
rack (2.0.3) lib/rack/runtime.rb:22:in `call'
activesupport (5.1.2) lib/active_support/cache/strategy/local_cache_middleware.rb:27:in `call'
actionpack (5.1.2) lib/action_dispatch/middleware/executor.rb:12:in `call'
actionpack (5.1.2) lib/action_dispatch/middleware/static.rb:125:in `call'
rack (2.0.3) lib/rack/sendfile.rb:111:in `call'
railties (5.1.2) lib/rails/engine.rb:522:in `call'
puma (3.9.1) lib/puma/configuration.rb:224:in `call'
puma (3.9.1) lib/puma/server.rb:602:in `handle_request'
puma (3.9.1) lib/puma/server.rb:435:in `process_client'
puma (3.9.1) lib/puma/server.rb:299:in `block in run'
puma (3.9.1) lib/puma/thread_pool.rb:120:in `block in spawn_thread'
Started GET "/static" for 127.0.0.1 at 2017-07-19 12:44:24 +0300
Processing by StaticController#index as HTML
  Rendering static/index.html.erb within layouts/application
  Rendered static/index.html.erb within layouts/application (1.4ms)
Completed 200 OK in 39ms (Views: 33.8ms | ActiveRecord: 0.0ms)


Started GET "/static" for 127.0.0.1 at 2017-07-19 12:44:26 +0300
Processing by StaticController#index as HTML
  Rendering static/index.html.erb within layouts/application
  Rendered static/index.html.erb within layouts/application (1.5ms)
Completed 200 OK in 44ms (Views: 42.3ms | ActiveRecord: 0.0ms)


Started GET "/static" for 127.0.0.1 at 2017-07-19 12:44:27 +0300
Processing by StaticController#index as HTML
  Rendering static/index.html.erb within layouts/application
  Rendered static/index.html.erb within layouts/application (1.0ms)
Completed 200 OK in 28ms (Views: 26.5ms | ActiveRecord: 0.0ms)


Started GET "/static" for 127.0.0.1 at 2017-07-19 12:44:55 +0300
  [1m[35m (6.5ms)[0m  [1m[34mSELECT "schema_migrations"."version" FROM "schema_migrations" ORDER BY "schema_migrations"."version" ASC[0m
Processing by StaticController#index as HTML
  Rendering static/index.html.erb within layouts/application
  Rendered static/index.html.erb within layouts/application (174.8ms)
Completed 200 OK in 547ms (Views: 532.7ms | ActiveRecord: 0.0ms)


Started GET "/static" for 127.0.0.1 at 2017-07-19 12:44:57 +0300
Processing by StaticController#index as HTML
  Rendering static/index.html.erb within layouts/application
  Rendered static/index.html.erb within layouts/application (1.9ms)
Completed 200 OK in 31ms (Views: 29.1ms | ActiveRecord: 0.0ms)


Started GET "/static" for 127.0.0.1 at 2017-07-19 12:44:58 +0300
Processing by StaticController#index as HTML
  Rendering static/index.html.erb within layouts/application
  Rendered static/index.html.erb within layouts/application (0.9ms)
Completed 200 OK in 33ms (Views: 29.8ms | ActiveRecord: 0.0ms)


Started GET "/static" for 127.0.0.1 at 2017-07-19 12:45:11 +0300
Processing by StaticController#index as HTML
  Rendering static/index.html.erb within layouts/application
  Rendered static/index.html.erb within layouts/application (1.5ms)
Completed 200 OK in 55ms (Views: 45.5ms | ActiveRecord: 0.0ms)


Started GET "/" for 127.0.0.1 at 2017-07-19 12:45:13 +0300
Processing by Rails::WelcomeController#index as HTML
  Rendering /Users/dunice/.rvm/gems/ruby-2.3.1/gems/railties-5.1.2/lib/rails/templates/rails/welcome/index.html.erb
  Rendered /Users/dunice/.rvm/gems/ruby-2.3.1/gems/railties-5.1.2/lib/rails/templates/rails/welcome/index.html.erb (4.5ms)
Completed 200 OK in 13ms (Views: 8.3ms | ActiveRecord: 0.0ms)


Started GET "/static" for 127.0.0.1 at 2017-07-19 12:45:21 +0300
Processing by StaticController#index as HTML
  Rendering static/index.html.erb within layouts/application
  Rendered static/index.html.erb within layouts/application (1.1ms)
Completed 200 OK in 25ms (Views: 22.5ms | ActiveRecord: 0.0ms)


Started GET "/static" for 127.0.0.1 at 2017-07-19 12:46:03 +0300
Processing by StaticController#index as HTML
  Rendering static/index.html.erb within layouts/application
  Rendered static/index.html.erb within layouts/application (4.1ms)
Completed 200 OK in 62ms (Views: 59.3ms | ActiveRecord: 0.0ms)


Started GET "/hello_world" for 127.0.0.1 at 2017-07-19 12:47:07 +0300
  
ActionController::RoutingError (No route matches [GET] "/hello_world"):
  
actionpack (5.1.2) lib/action_dispatch/middleware/debug_exceptions.rb:63:in `call'
web-console (3.5.1) lib/web_console/middleware.rb:135:in `call_app'
web-console (3.5.1) lib/web_console/middleware.rb:28:in `block in call'
web-console (3.5.1) lib/web_console/middleware.rb:18:in `catch'
web-console (3.5.1) lib/web_console/middleware.rb:18:in `call'
actionpack (5.1.2) lib/action_dispatch/middleware/show_exceptions.rb:31:in `call'
railties (5.1.2) lib/rails/rack/logger.rb:36:in `call_app'
railties (5.1.2) lib/rails/rack/logger.rb:24:in `block in call'
activesupport (5.1.2) lib/active_support/tagged_logging.rb:69:in `block in tagged'
activesupport (5.1.2) lib/active_support/tagged_logging.rb:26:in `tagged'
activesupport (5.1.2) lib/active_support/tagged_logging.rb:69:in `tagged'
railties (5.1.2) lib/rails/rack/logger.rb:24:in `call'
sprockets-rails (3.2.0) lib/sprockets/rails/quiet_assets.rb:13:in `call'
actionpack (5.1.2) lib/action_dispatch/middleware/remote_ip.rb:79:in `call'
actionpack (5.1.2) lib/action_dispatch/middleware/request_id.rb:25:in `call'
rack (2.0.3) lib/rack/method_override.rb:22:in `call'
rack (2.0.3) lib/rack/runtime.rb:22:in `call'
activesupport (5.1.2) lib/active_support/cache/strategy/local_cache_middleware.rb:27:in `call'
actionpack (5.1.2) lib/action_dispatch/middleware/executor.rb:12:in `call'
actionpack (5.1.2) lib/action_dispatch/middleware/static.rb:125:in `call'
rack (2.0.3) lib/rack/sendfile.rb:111:in `call'
railties (5.1.2) lib/rails/engine.rb:522:in `call'
puma (3.9.1) lib/puma/configuration.rb:224:in `call'
puma (3.9.1) lib/puma/server.rb:602:in `handle_request'
puma (3.9.1) lib/puma/server.rb:435:in `process_client'
puma (3.9.1) lib/puma/server.rb:299:in `block in run'
puma (3.9.1) lib/puma/thread_pool.rb:120:in `block in spawn_thread'
Started GET "/" for 127.0.0.1 at 2017-07-19 12:52:13 +0300
Processing by Rails::WelcomeController#index as HTML
  Rendering /Users/dunice/.rvm/gems/ruby-2.3.1/gems/railties-5.1.2/lib/rails/templates/rails/welcome/index.html.erb
  Rendered /Users/dunice/.rvm/gems/ruby-2.3.1/gems/railties-5.1.2/lib/rails/templates/rails/welcome/index.html.erb (3.5ms)
Completed 200 OK in 9ms (Views: 5.7ms | ActiveRecord: 0.0ms)


Started GET "/static" for 127.0.0.1 at 2017-07-19 12:52:19 +0300
Processing by StaticController#index as HTML
  Rendering static/index.html.erb within layouts/application
  Rendered static/index.html.erb within layouts/application (1.7ms)
Completed 200 OK in 29ms (Views: 26.6ms | ActiveRecord: 0.0ms)


